0 info it worked if it ends with ok
1 verbose cli [ '/usr/bin/nodejs', '/usr/bin/npm', 'link' ]
2 info using npm@1.3.10
3 info using node@v0.10.25
4 verbose linkPkg /home/philip/Projects/hacks/giterate
5 verbose link build target /usr/local/lib/node_modules/giterate
6 verbose install where,what [ '/home/philip/Projects/hacks/giterate', [] ]
7 verbose readDependencies using package.json deps
8 verbose install where, deps [ '/home/philip/Projects/hacks/giterate',
8 verbose install   [ 'colors', 'promise' ] ]
9 info preinstall giterate@0.0.1
10 verbose readDependencies using package.json deps
11 verbose already installed skipping colors@^1.1.2 /home/philip/Projects/hacks/giterate
12 verbose already installed skipping promise@^7.0.4 /home/philip/Projects/hacks/giterate
13 silly resolved []
14 info build /home/philip/Projects/hacks/giterate
15 verbose linkStuff [ false, false, false, '/home/philip/Projects/hacks' ]
16 info linkStuff giterate@0.0.1
17 verbose linkBins giterate@0.0.1
18 verbose linkMans giterate@0.0.1
19 verbose rebuildBundles giterate@0.0.1
20 verbose rebuildBundles [ 'colors', 'promise' ]
21 info install giterate@0.0.1
22 info postinstall giterate@0.0.1
23 info prepublish giterate@0.0.1
24 info build /usr/local/lib/node_modules/giterate
25 verbose linkStuff [ true,
25 verbose linkStuff   '/usr/local/lib/node_modules',
25 verbose linkStuff   true,
25 verbose linkStuff   '/usr/local/lib/node_modules' ]
26 info linkStuff giterate@0.0.1
27 verbose linkBins giterate@0.0.1
28 verbose link bins [ { giterate: 'giterate' }, '/usr/local/bin', true ]
29 verbose linkMans giterate@0.0.1
30 error Error: ENOENT, chmod '/usr/local/lib/node_modules/giterate/giterate'
31 error If you need help, you may report this log at:
31 error     <http://github.com/isaacs/npm/issues>
31 error or email it to:
31 error     <npm-@googlegroups.com>
32 error System Linux 3.19.0-41-generic
33 error command "/usr/bin/nodejs" "/usr/bin/npm" "link"
34 error cwd /home/philip/Projects/hacks/giterate
35 error node -v v0.10.25
36 error npm -v 1.3.10
37 error path /usr/local/lib/node_modules/giterate/giterate
38 error code ENOENT
39 error errno 34
40 verbose exit [ 34, true ]
